[2024-09-24 05:24:11] local.ERROR: There are no commands defined in the "breeze" namespace. {"exception":"[object] (Symfony\\Component\\Console\\Exception\\NamespaceNotFoundException(code: 0): There are no commands defined in the \"breeze\" namespace. at /Users/student/Documents/Keřt_Lukáš/eshop_pro/vendor/symfony/console/Application.php:636)
[stacktrace]
#0 /Users/student/Documents/Keřt_Lukáš/eshop_pro/vendor/symfony/console/Application.php(685): Symfony\\Component\\Console\\Application->findNamespace('breeze')
#1 /Users/student/Documents/Keřt_Lukáš/eshop_pro/vendor/symfony/console/Application.php(258): Symfony\\Component\\Console\\Application->find('breeze:install')
#2 /Users/student/Documents/Keřt_Lukáš/eshop_pro/vendor/symfony/console/Application.php(167): Symfony\\Component\\Console\\Application->doRun(Object(Symfony\\Component\\Console\\Input\\ArgvInput), Object(Symfony\\Component\\Console\\Output\\ConsoleOutput))
#3 /Users/student/Documents/Keřt_Lukáš/eshop_pro/vendor/laravel/framework/src/Illuminate/Foundation/Console/Kernel.php(197): Symfony\\Component\\Console\\Application->run(Object(Symfony\\Component\\Console\\Input\\ArgvInput), Object(Symfony\\Component\\Console\\Output\\ConsoleOutput))
#4 /Users/student/Documents/Keřt_Lukáš/eshop_pro/vendor/laravel/framework/src/Illuminate/Foundation/Application.php(1203): Illuminate\\Foundation\\Console\\Kernel->handle(Object(Symfony\\Component\\Console\\Input\\ArgvInput), Object(Symfony\\Component\\Console\\Output\\ConsoleOutput))
#5 /Users/student/Documents/Keřt_Lukáš/eshop_pro/artisan(13): Illuminate\\Foundation\\Application->handleCommand(Object(Symfony\\Component\\Console\\Input\\ArgvInput))
#6 {main}
"} 
[2024-09-24 05:24:17] local.ERROR: There are no commands defined in the "breeze" namespace. {"exception":"[object] (Symfony\\Component\\Console\\Exception\\NamespaceNotFoundException(code: 0): There are no commands defined in the \"breeze\" namespace. at /Users/student/Documents/Keřt_Lukáš/eshop_pro/vendor/symfony/console/Application.php:636)
[stacktrace]
#0 /Users/student/Documents/Keřt_Lukáš/eshop_pro/vendor/symfony/console/Application.php(685): Symfony\\Component\\Console\\Application->findNamespace('breeze')
#1 /Users/student/Documents/Keřt_Lukáš/eshop_pro/vendor/symfony/console/Application.php(258): Symfony\\Component\\Console\\Application->find('breeze:install')
#2 /Users/student/Documents/Keřt_Lukáš/eshop_pro/vendor/symfony/console/Application.php(167): Symfony\\Component\\Console\\Application->doRun(Object(Symfony\\Component\\Console\\Input\\ArgvInput), Object(Symfony\\Component\\Console\\Output\\ConsoleOutput))
#3 /Users/student/Documents/Keřt_Lukáš/eshop_pro/vendor/laravel/framework/src/Illuminate/Foundation/Console/Kernel.php(197): Symfony\\Component\\Console\\Application->run(Object(Symfony\\Component\\Console\\Input\\ArgvInput), Object(Symfony\\Component\\Console\\Output\\ConsoleOutput))
#4 /Users/student/Documents/Keřt_Lukáš/eshop_pro/vendor/laravel/framework/src/Illuminate/Foundation/Application.php(1203): Illuminate\\Foundation\\Console\\Kernel->handle(Object(Symfony\\Component\\Console\\Input\\ArgvInput), Object(Symfony\\Component\\Console\\Output\\ConsoleOutput))
#5 /Users/student/Documents/Keřt_Lukáš/eshop_pro/artisan(13): Illuminate\\Foundation\\Application->handleCommand(Object(Symfony\\Component\\Console\\Input\\ArgvInput))
#6 {main}
"} 
[2024-09-24 05:40:24] local.ERROR: There are no commands defined in the "breeze" namespace. {"exception":"[object] (Symfony\\Component\\Console\\Exception\\NamespaceNotFoundException(code: 0): There are no commands defined in the \"breeze\" namespace. at /Users/student/Documents/Keřt_Lukáš/eshop_pro/vendor/symfony/console/Application.php:636)
[stacktrace]
#0 /Users/student/Documents/Keřt_Lukáš/eshop_pro/vendor/symfony/console/Application.php(685): Symfony\\Component\\Console\\Application->findNamespace('breeze')
#1 /Users/student/Documents/Keřt_Lukáš/eshop_pro/vendor/symfony/console/Application.php(258): Symfony\\Component\\Console\\Application->find('breeze:install')
#2 /Users/student/Documents/Keřt_Lukáš/eshop_pro/vendor/symfony/console/Application.php(167): Symfony\\Component\\Console\\Application->doRun(Object(Symfony\\Component\\Console\\Input\\ArgvInput), Object(Symfony\\Component\\Console\\Output\\ConsoleOutput))
#3 /Users/student/Documents/Keřt_Lukáš/eshop_pro/vendor/laravel/framework/src/Illuminate/Foundation/Console/Kernel.php(197): Symfony\\Component\\Console\\Application->run(Object(Symfony\\Component\\Console\\Input\\ArgvInput), Object(Symfony\\Component\\Console\\Output\\ConsoleOutput))
#4 /Users/student/Documents/Keřt_Lukáš/eshop_pro/vendor/laravel/framework/src/Illuminate/Foundation/Application.php(1203): Illuminate\\Foundation\\Console\\Kernel->handle(Object(Symfony\\Component\\Console\\Input\\ArgvInput), Object(Symfony\\Component\\Console\\Output\\ConsoleOutput))
#5 /Users/student/Documents/Keřt_Lukáš/eshop_pro/artisan(13): Illuminate\\Foundation\\Application->handleCommand(Object(Symfony\\Component\\Console\\Input\\ArgvInput))
#6 {main}
"} 
[2024-10-01 05:30:51] local.ERROR: The "-l" option does not exist. {"exception":"[object] (Symfony\\Component\\Console\\Exception\\RuntimeException(code: 0): The \"-l\" option does not exist. at /Users/student/Documents/Keřt_Lukáš/eshop_D/vendor/symfony/console/Input/ArgvInput.php:122)
[stacktrace]
#0 /Users/student/Documents/Keřt_Lukáš/eshop_D/vendor/symfony/console/Input/ArgvInput.php(104): Symfony\\Component\\Console\\Input\\ArgvInput->parseShortOptionSet('all')
#1 /Users/student/Documents/Keřt_Lukáš/eshop_D/vendor/symfony/console/Input/ArgvInput.php(84): Symfony\\Component\\Console\\Input\\ArgvInput->parseShortOption('-all')
#2 /Users/student/Documents/Keřt_Lukáš/eshop_D/vendor/symfony/console/Input/ArgvInput.php(71): Symfony\\Component\\Console\\Input\\ArgvInput->parseToken('-all', true)
#3 /Users/student/Documents/Keřt_Lukáš/eshop_D/vendor/symfony/console/Input/Input.php(53): Symfony\\Component\\Console\\Input\\ArgvInput->parse()
#4 /Users/student/Documents/Keřt_Lukáš/eshop_D/vendor/symfony/console/Command/Command.php(238): Symfony\\Component\\Console\\Input\\Input->bind(Object(Symfony\\Component\\Console\\Input\\InputDefinition))
#5 /Users/student/Documents/Keřt_Lukáš/eshop_D/vendor/laravel/framework/src/Illuminate/Console/Command.php(182): Symfony\\Component\\Console\\Command\\Command->run(Object(Symfony\\Component\\Console\\Input\\ArgvInput), Object(Illuminate\\Console\\OutputStyle))
#6 /Users/student/Documents/Keřt_Lukáš/eshop_D/vendor/symfony/console/Application.php(1047): Illuminate\\Console\\Command->run(Object(Symfony\\Component\\Console\\Input\\ArgvInput), Object(Symfony\\Component\\Console\\Output\\ConsoleOutput))
#7 /Users/student/Documents/Keřt_Lukáš/eshop_D/vendor/symfony/console/Application.php(316): Symfony\\Component\\Console\\Application->doRunCommand(Object(Illuminate\\Foundation\\Console\\ModelMakeCommand), Object(Symfony\\Component\\Console\\Input\\ArgvInput), Object(Symfony\\Component\\Console\\Output\\ConsoleOutput))
#8 /Users/student/Documents/Keřt_Lukáš/eshop_D/vendor/symfony/console/Application.php(167): Symfony\\Component\\Console\\Application->doRun(Object(Symfony\\Component\\Console\\Input\\ArgvInput), Object(Symfony\\Component\\Console\\Output\\ConsoleOutput))
#9 /Users/student/Documents/Keřt_Lukáš/eshop_D/vendor/laravel/framework/src/Illuminate/Foundation/Console/Kernel.php(197): Symfony\\Component\\Console\\Application->run(Object(Symfony\\Component\\Console\\Input\\ArgvInput), Object(Symfony\\Component\\Console\\Output\\ConsoleOutput))
#10 /Users/student/Documents/Keřt_Lukáš/eshop_D/vendor/laravel/framework/src/Illuminate/Foundation/Application.php(1203): Illuminate\\Foundation\\Console\\Kernel->handle(Object(Symfony\\Component\\Console\\Input\\ArgvInput), Object(Symfony\\Component\\Console\\Output\\ConsoleOutput))
#11 /Users/student/Documents/Keřt_Lukáš/eshop_D/artisan(13): Illuminate\\Foundation\\Application->handleCommand(Object(Symfony\\Component\\Console\\Input\\ArgvInput))
#12 {main}
"} 
